<?xml version="1.0" encoding="UTF-8"?>
<testsuite xmlns:xsi="http://www.w3.org/2001/XMLSchema-instance" xsi:noNamespaceSchemaLocation="https://maven.apache.org/surefire/maven-surefire-plugin/xsd/surefire-test-report.xsd" name="com.hkw.mq.TestApp" time="5.901" tests="1" errors="0" skipped="0" failures="0">
  <properties>
    <property name="sun.desktop" value="windows"/>
    <property name="awt.toolkit" value="sun.awt.windows.WToolkit"/>
    <property name="file.encoding.pkg" value="sun.io"/>
    <property name="java.specification.version" value="1.8"/>
    <property name="sun.cpu.isalist" value="amd64"/>
    <property name="sun.jnu.encoding" value="GBK"/>
    <property name="java.class.path" value="D:\code_for_woker\boot_activemq\activemq_provider\target\test-classes;D:\code_for_woker\boot_activemq\activemq_provider\target\classes;D:\apache-maven-3.6.1-bin\apache-maven-3.6.1\maven_resp\org\springframework\boot\spring-boot-starter\2.3.6.RELEASE\spring-boot-starter-2.3.6.RELEASE.jar;D:\apache-maven-3.6.1-bin\apache-maven-3.6.1\maven_resp\org\springframework\boot\spring-boot\2.3.6.RELEASE\spring-boot-2.3.6.RELEASE.jar;D:\apache-maven-3.6.1-bin\apache-maven-3.6.1\maven_resp\org\springframework\spring-context\5.2.11.RELEASE\spring-context-5.2.11.RELEASE.jar;D:\apache-maven-3.6.1-bin\apache-maven-3.6.1\maven_resp\org\springframework\boot\spring-boot-autoconfigure\2.3.6.RELEASE\spring-boot-autoconfigure-2.3.6.RELEASE.jar;D:\apache-maven-3.6.1-bin\apache-maven-3.6.1\maven_resp\org\springframework\boot\spring-boot-starter-logging\2.3.6.RELEASE\spring-boot-starter-logging-2.3.6.RELEASE.jar;D:\apache-maven-3.6.1-bin\apache-maven-3.6.1\maven_resp\ch\qos\logback\logback-classic\1.2.3\logback-classic-1.2.3.jar;D:\apache-maven-3.6.1-bin\apache-maven-3.6.1\maven_resp\ch\qos\logback\logback-core\1.2.3\logback-core-1.2.3.jar;D:\apache-maven-3.6.1-bin\apache-maven-3.6.1\maven_resp\org\apache\logging\log4j\log4j-to-slf4j\2.13.3\log4j-to-slf4j-2.13.3.jar;D:\apache-maven-3.6.1-bin\apache-maven-3.6.1\maven_resp\org\apache\logging\log4j\log4j-api\2.13.3\log4j-api-2.13.3.jar;D:\apache-maven-3.6.1-bin\apache-maven-3.6.1\maven_resp\org\slf4j\jul-to-slf4j\1.7.30\jul-to-slf4j-1.7.30.jar;D:\apache-maven-3.6.1-bin\apache-maven-3.6.1\maven_resp\jakarta\annotation\jakarta.annotation-api\1.3.5\jakarta.annotation-api-1.3.5.jar;D:\apache-maven-3.6.1-bin\apache-maven-3.6.1\maven_resp\org\springframework\spring-core\5.2.11.RELEASE\spring-core-5.2.11.RELEASE.jar;D:\apache-maven-3.6.1-bin\apache-maven-3.6.1\maven_resp\org\springframework\spring-jcl\5.2.11.RELEASE\spring-jcl-5.2.11.RELEASE.jar;D:\apache-maven-3.6.1-bin\apache-maven-3.6.1\maven_resp\org\yaml\snakeyaml\1.26\snakeyaml-1.26.jar;D:\apache-maven-3.6.1-bin\apache-maven-3.6.1\maven_resp\org\springframework\boot\spring-boot-starter-web\2.3.6.RELEASE\spring-boot-starter-web-2.3.6.RELEASE.jar;D:\apache-maven-3.6.1-bin\apache-maven-3.6.1\maven_resp\org\springframework\boot\spring-boot-starter-json\2.3.6.RELEASE\spring-boot-starter-json-2.3.6.RELEASE.jar;D:\apache-maven-3.6.1-bin\apache-maven-3.6.1\maven_resp\com\fasterxml\jackson\core\jackson-databind\2.11.3\jackson-databind-2.11.3.jar;D:\apache-maven-3.6.1-bin\apache-maven-3.6.1\maven_resp\com\fasterxml\jackson\core\jackson-annotations\2.11.3\jackson-annotations-2.11.3.jar;D:\apache-maven-3.6.1-bin\apache-maven-3.6.1\maven_resp\com\fasterxml\jackson\core\jackson-core\2.11.3\jackson-core-2.11.3.jar;D:\apache-maven-3.6.1-bin\apache-maven-3.6.1\maven_resp\com\fasterxml\jackson\datatype\jackson-datatype-jdk8\2.11.3\jackson-datatype-jdk8-2.11.3.jar;D:\apache-maven-3.6.1-bin\apache-maven-3.6.1\maven_resp\com\fasterxml\jackson\datatype\jackson-datatype-jsr310\2.11.3\jackson-datatype-jsr310-2.11.3.jar;D:\apache-maven-3.6.1-bin\apache-maven-3.6.1\maven_resp\com\fasterxml\jackson\module\jackson-module-parameter-names\2.11.3\jackson-module-parameter-names-2.11.3.jar;D:\apache-maven-3.6.1-bin\apache-maven-3.6.1\maven_resp\org\springframework\boot\spring-boot-starter-tomcat\2.3.6.RELEASE\spring-boot-starter-tomcat-2.3.6.RELEASE.jar;D:\apache-maven-3.6.1-bin\apache-maven-3.6.1\maven_resp\org\apache\tomcat\embed\tomcat-embed-core\9.0.39\tomcat-embed-core-9.0.39.jar;D:\apache-maven-3.6.1-bin\apache-maven-3.6.1\maven_resp\org\glassfish\jakarta.el\3.0.3\jakarta.el-3.0.3.jar;D:\apache-maven-3.6.1-bin\apache-maven-3.6.1\maven_resp\org\apache\tomcat\embed\tomcat-embed-websocket\9.0.39\tomcat-embed-websocket-9.0.39.jar;D:\apache-maven-3.6.1-bin\apache-maven-3.6.1\maven_resp\org\springframework\spring-web\5.2.11.RELEASE\spring-web-5.2.11.RELEASE.jar;D:\apache-maven-3.6.1-bin\apache-maven-3.6.1\maven_resp\org\springframework\spring-beans\5.2.11.RELEASE\spring-beans-5.2.11.RELEASE.jar;D:\apache-maven-3.6.1-bin\apache-maven-3.6.1\maven_resp\org\springframework\spring-webmvc\5.2.11.RELEASE\spring-webmvc-5.2.11.RELEASE.jar;D:\apache-maven-3.6.1-bin\apache-maven-3.6.1\maven_resp\org\springframework\spring-aop\5.2.11.RELEASE\spring-aop-5.2.11.RELEASE.jar;D:\apache-maven-3.6.1-bin\apache-maven-3.6.1\maven_resp\org\springframework\spring-expression\5.2.11.RELEASE\spring-expression-5.2.11.RELEASE.jar;D:\apache-maven-3.6.1-bin\apache-maven-3.6.1\maven_resp\org\springframework\boot\spring-boot-starter-activemq\2.3.6.RELEASE\spring-boot-starter-activemq-2.3.6.RELEASE.jar;D:\apache-maven-3.6.1-bin\apache-maven-3.6.1\maven_resp\org\springframework\spring-jms\5.2.11.RELEASE\spring-jms-5.2.11.RELEASE.jar;D:\apache-maven-3.6.1-bin\apache-maven-3.6.1\maven_resp\org\springframework\spring-messaging\5.2.11.RELEASE\spring-messaging-5.2.11.RELEASE.jar;D:\apache-maven-3.6.1-bin\apache-maven-3.6.1\maven_resp\org\springframework\spring-tx\5.2.11.RELEASE\spring-tx-5.2.11.RELEASE.jar;D:\apache-maven-3.6.1-bin\apache-maven-3.6.1\maven_resp\org\apache\activemq\activemq-broker\5.15.13\activemq-broker-5.15.13.jar;D:\apache-maven-3.6.1-bin\apache-maven-3.6.1\maven_resp\org\apache\activemq\activemq-client\5.15.13\activemq-client-5.15.13.jar;D:\apache-maven-3.6.1-bin\apache-maven-3.6.1\maven_resp\org\fusesource\hawtbuf\hawtbuf\1.11\hawtbuf-1.11.jar;D:\apache-maven-3.6.1-bin\apache-maven-3.6.1\maven_resp\org\apache\geronimo\specs\geronimo-j2ee-management_1.1_spec\1.0.1\geronimo-j2ee-management_1.1_spec-1.0.1.jar;D:\apache-maven-3.6.1-bin\apache-maven-3.6.1\maven_resp\org\apache\activemq\activemq-openwire-legacy\5.15.13\activemq-openwire-legacy-5.15.13.jar;D:\apache-maven-3.6.1-bin\apache-maven-3.6.1\maven_resp\com\google\guava\guava\28.2-jre\guava-28.2-jre.jar;D:\apache-maven-3.6.1-bin\apache-maven-3.6.1\maven_resp\com\google\guava\failureaccess\1.0.1\failureaccess-1.0.1.jar;D:\apache-maven-3.6.1-bin\apache-maven-3.6.1\maven_resp\com\google\guava\listenablefuture\9999.0-empty-to-avoid-conflict-with-guava\listenablefuture-9999.0-empty-to-avoid-conflict-with-guava.jar;D:\apache-maven-3.6.1-bin\apache-maven-3.6.1\maven_resp\com\google\code\findbugs\jsr305\3.0.2\jsr305-3.0.2.jar;D:\apache-maven-3.6.1-bin\apache-maven-3.6.1\maven_resp\org\checkerframework\checker-qual\2.10.0\checker-qual-2.10.0.jar;D:\apache-maven-3.6.1-bin\apache-maven-3.6.1\maven_resp\com\google\errorprone\error_prone_annotations\2.3.4\error_prone_annotations-2.3.4.jar;D:\apache-maven-3.6.1-bin\apache-maven-3.6.1\maven_resp\com\google\j2objc\j2objc-annotations\1.3\j2objc-annotations-1.3.jar;D:\apache-maven-3.6.1-bin\apache-maven-3.6.1\maven_resp\jakarta\jms\jakarta.jms-api\2.0.3\jakarta.jms-api-2.0.3.jar;D:\apache-maven-3.6.1-bin\apache-maven-3.6.1\maven_resp\org\springframework\boot\spring-boot-starter-test\2.3.6.RELEASE\spring-boot-starter-test-2.3.6.RELEASE.jar;D:\apache-maven-3.6.1-bin\apache-maven-3.6.1\maven_resp\org\springframework\boot\spring-boot-test\2.3.6.RELEASE\spring-boot-test-2.3.6.RELEASE.jar;D:\apache-maven-3.6.1-bin\apache-maven-3.6.1\maven_resp\org\springframework\boot\spring-boot-test-autoconfigure\2.3.6.RELEASE\spring-boot-test-autoconfigure-2.3.6.RELEASE.jar;D:\apache-maven-3.6.1-bin\apache-maven-3.6.1\maven_resp\com\jayway\jsonpath\json-path\2.4.0\json-path-2.4.0.jar;D:\apache-maven-3.6.1-bin\apache-maven-3.6.1\maven_resp\net\minidev\json-smart\2.3\json-smart-2.3.jar;D:\apache-maven-3.6.1-bin\apache-maven-3.6.1\maven_resp\net\minidev\accessors-smart\1.2\accessors-smart-1.2.jar;D:\apache-maven-3.6.1-bin\apache-maven-3.6.1\maven_resp\org\ow2\asm\asm\5.0.4\asm-5.0.4.jar;D:\apache-maven-3.6.1-bin\apache-maven-3.6.1\maven_resp\org\slf4j\slf4j-api\1.7.30\slf4j-api-1.7.30.jar;D:\apache-maven-3.6.1-bin\apache-maven-3.6.1\maven_resp\jakarta\xml\bind\jakarta.xml.bind-api\2.3.3\jakarta.xml.bind-api-2.3.3.jar;D:\apache-maven-3.6.1-bin\apache-maven-3.6.1\maven_resp\jakarta\activation\jakarta.activation-api\1.2.2\jakarta.activation-api-1.2.2.jar;D:\apache-maven-3.6.1-bin\apache-maven-3.6.1\maven_resp\org\assertj\assertj-core\3.16.1\assertj-core-3.16.1.jar;D:\apache-maven-3.6.1-bin\apache-maven-3.6.1\maven_resp\org\hamcrest\hamcrest\2.2\hamcrest-2.2.jar;D:\apache-maven-3.6.1-bin\apache-maven-3.6.1\maven_resp\org\junit\jupiter\junit-jupiter\5.6.3\junit-jupiter-5.6.3.jar;D:\apache-maven-3.6.1-bin\apache-maven-3.6.1\maven_resp\org\junit\jupiter\junit-jupiter-api\5.6.3\junit-jupiter-api-5.6.3.jar;D:\apache-maven-3.6.1-bin\apache-maven-3.6.1\maven_resp\org\opentest4j\opentest4j\1.2.0\opentest4j-1.2.0.jar;D:\apache-maven-3.6.1-bin\apache-maven-3.6.1\maven_resp\org\junit\platform\junit-platform-commons\1.6.3\junit-platform-commons-1.6.3.jar;D:\apache-maven-3.6.1-bin\apache-maven-3.6.1\maven_resp\org\junit\jupiter\junit-jupiter-params\5.6.3\junit-jupiter-params-5.6.3.jar;D:\apache-maven-3.6.1-bin\apache-maven-3.6.1\maven_resp\org\junit\jupiter\junit-jupiter-engine\5.6.3\junit-jupiter-engine-5.6.3.jar;D:\apache-maven-3.6.1-bin\apache-maven-3.6.1\maven_resp\org\junit\vintage\junit-vintage-engine\5.6.3\junit-vintage-engine-5.6.3.jar;D:\apache-maven-3.6.1-bin\apache-maven-3.6.1\maven_resp\org\apiguardian\apiguardian-api\1.1.0\apiguardian-api-1.1.0.jar;D:\apache-maven-3.6.1-bin\apache-maven-3.6.1\maven_resp\org\junit\platform\junit-platform-engine\1.6.3\junit-platform-engine-1.6.3.jar;D:\apache-maven-3.6.1-bin\apache-maven-3.6.1\maven_resp\junit\junit\4.13.1\junit-4.13.1.jar;D:\apache-maven-3.6.1-bin\apache-maven-3.6.1\maven_resp\org\mockito\mockito-core\3.3.3\mockito-core-3.3.3.jar;D:\apache-maven-3.6.1-bin\apache-maven-3.6.1\maven_resp\net\bytebuddy\byte-buddy\1.10.18\byte-buddy-1.10.18.jar;D:\apache-maven-3.6.1-bin\apache-maven-3.6.1\maven_resp\net\bytebuddy\byte-buddy-agent\1.10.18\byte-buddy-agent-1.10.18.jar;D:\apache-maven-3.6.1-bin\apache-maven-3.6.1\maven_resp\org\objenesis\objenesis\2.6\objenesis-2.6.jar;D:\apache-maven-3.6.1-bin\apache-maven-3.6.1\maven_resp\org\mockito\mockito-junit-jupiter\3.3.3\mockito-junit-jupiter-3.3.3.jar;D:\apache-maven-3.6.1-bin\apache-maven-3.6.1\maven_resp\org\skyscreamer\jsonassert\1.5.0\jsonassert-1.5.0.jar;D:\apache-maven-3.6.1-bin\apache-maven-3.6.1\maven_resp\com\vaadin\external\google\android-json\0.0.20131108.vaadin1\android-json-0.0.20131108.vaadin1.jar;D:\apache-maven-3.6.1-bin\apache-maven-3.6.1\maven_resp\org\springframework\spring-test\5.2.11.RELEASE\spring-test-5.2.11.RELEASE.jar;D:\apache-maven-3.6.1-bin\apache-maven-3.6.1\maven_resp\org\xmlunit\xmlunit-core\2.7.0\xmlunit-core-2.7.0.jar;"/>
    <property name="java.vm.vendor" value="Oracle Corporation"/>
    <property name="sun.arch.data.model" value="64"/>
    <property name="user.variant" value=""/>
    <property name="java.vendor.url" value="http://java.oracle.com/"/>
    <property name="user.timezone" value="Asia/Shanghai"/>
    <property name="java.vm.specification.version" value="1.8"/>
    <property name="os.name" value="Windows 10"/>
    <property name="user.country" value="CN"/>
    <property name="sun.java.launcher" value="SUN_STANDARD"/>
    <property name="sun.boot.library.path" value="C:\Program Files\Java\jdk1.8.0_221\jre\bin"/>
    <property name="sun.java.command" value="C:\Users\resol\AppData\Local\Temp\surefire1248516976183716476\surefirebooter4419055665945699104.jar C:\Users\resol\AppData\Local\Temp\surefire1248516976183716476 2023-12-17T17-29-36_064-jvmRun1 surefire2659913401290582267tmp surefire_04822432909469658157tmp"/>
    <property name="surefire.test.class.path" value="D:\code_for_woker\boot_activemq\activemq_provider\target\test-classes;D:\code_for_woker\boot_activemq\activemq_provider\target\classes;D:\apache-maven-3.6.1-bin\apache-maven-3.6.1\maven_resp\org\springframework\boot\spring-boot-starter\2.3.6.RELEASE\spring-boot-starter-2.3.6.RELEASE.jar;D:\apache-maven-3.6.1-bin\apache-maven-3.6.1\maven_resp\org\springframework\boot\spring-boot\2.3.6.RELEASE\spring-boot-2.3.6.RELEASE.jar;D:\apache-maven-3.6.1-bin\apache-maven-3.6.1\maven_resp\org\springframework\spring-context\5.2.11.RELEASE\spring-context-5.2.11.RELEASE.jar;D:\apache-maven-3.6.1-bin\apache-maven-3.6.1\maven_resp\org\springframework\boot\spring-boot-autoconfigure\2.3.6.RELEASE\spring-boot-autoconfigure-2.3.6.RELEASE.jar;D:\apache-maven-3.6.1-bin\apache-maven-3.6.1\maven_resp\org\springframework\boot\spring-boot-starter-logging\2.3.6.RELEASE\spring-boot-starter-logging-2.3.6.RELEASE.jar;D:\apache-maven-3.6.1-bin\apache-maven-3.6.1\maven_resp\ch\qos\logback\logback-classic\1.2.3\logback-classic-1.2.3.jar;D:\apache-maven-3.6.1-bin\apache-maven-3.6.1\maven_resp\ch\qos\logback\logback-core\1.2.3\logback-core-1.2.3.jar;D:\apache-maven-3.6.1-bin\apache-maven-3.6.1\maven_resp\org\apache\logging\log4j\log4j-to-slf4j\2.13.3\log4j-to-slf4j-2.13.3.jar;D:\apache-maven-3.6.1-bin\apache-maven-3.6.1\maven_resp\org\apache\logging\log4j\log4j-api\2.13.3\log4j-api-2.13.3.jar;D:\apache-maven-3.6.1-bin\apache-maven-3.6.1\maven_resp\org\slf4j\jul-to-slf4j\1.7.30\jul-to-slf4j-1.7.30.jar;D:\apache-maven-3.6.1-bin\apache-maven-3.6.1\maven_resp\jakarta\annotation\jakarta.annotation-api\1.3.5\jakarta.annotation-api-1.3.5.jar;D:\apache-maven-3.6.1-bin\apache-maven-3.6.1\maven_resp\org\springframework\spring-core\5.2.11.RELEASE\spring-core-5.2.11.RELEASE.jar;D:\apache-maven-3.6.1-bin\apache-maven-3.6.1\maven_resp\org\springframework\spring-jcl\5.2.11.RELEASE\spring-jcl-5.2.11.RELEASE.jar;D:\apache-maven-3.6.1-bin\apache-maven-3.6.1\maven_resp\org\yaml\snakeyaml\1.26\snakeyaml-1.26.jar;D:\apache-maven-3.6.1-bin\apache-maven-3.6.1\maven_resp\org\springframework\boot\spring-boot-starter-web\2.3.6.RELEASE\spring-boot-starter-web-2.3.6.RELEASE.jar;D:\apache-maven-3.6.1-bin\apache-maven-3.6.1\maven_resp\org\springframework\boot\spring-boot-starter-json\2.3.6.RELEASE\spring-boot-starter-json-2.3.6.RELEASE.jar;D:\apache-maven-3.6.1-bin\apache-maven-3.6.1\maven_resp\com\fasterxml\jackson\core\jackson-databind\2.11.3\jackson-databind-2.11.3.jar;D:\apache-maven-3.6.1-bin\apache-maven-3.6.1\maven_resp\com\fasterxml\jackson\core\jackson-annotations\2.11.3\jackson-annotations-2.11.3.jar;D:\apache-maven-3.6.1-bin\apache-maven-3.6.1\maven_resp\com\fasterxml\jackson\core\jackson-core\2.11.3\jackson-core-2.11.3.jar;D:\apache-maven-3.6.1-bin\apache-maven-3.6.1\maven_resp\com\fasterxml\jackson\datatype\jackson-datatype-jdk8\2.11.3\jackson-datatype-jdk8-2.11.3.jar;D:\apache-maven-3.6.1-bin\apache-maven-3.6.1\maven_resp\com\fasterxml\jackson\datatype\jackson-datatype-jsr310\2.11.3\jackson-datatype-jsr310-2.11.3.jar;D:\apache-maven-3.6.1-bin\apache-maven-3.6.1\maven_resp\com\fasterxml\jackson\module\jackson-module-parameter-names\2.11.3\jackson-module-parameter-names-2.11.3.jar;D:\apache-maven-3.6.1-bin\apache-maven-3.6.1\maven_resp\org\springframework\boot\spring-boot-starter-tomcat\2.3.6.RELEASE\spring-boot-starter-tomcat-2.3.6.RELEASE.jar;D:\apache-maven-3.6.1-bin\apache-maven-3.6.1\maven_resp\org\apache\tomcat\embed\tomcat-embed-core\9.0.39\tomcat-embed-core-9.0.39.jar;D:\apache-maven-3.6.1-bin\apache-maven-3.6.1\maven_resp\org\glassfish\jakarta.el\3.0.3\jakarta.el-3.0.3.jar;D:\apache-maven-3.6.1-bin\apache-maven-3.6.1\maven_resp\org\apache\tomcat\embed\tomcat-embed-websocket\9.0.39\tomcat-embed-websocket-9.0.39.jar;D:\apache-maven-3.6.1-bin\apache-maven-3.6.1\maven_resp\org\springframework\spring-web\5.2.11.RELEASE\spring-web-5.2.11.RELEASE.jar;D:\apache-maven-3.6.1-bin\apache-maven-3.6.1\maven_resp\org\springframework\spring-beans\5.2.11.RELEASE\spring-beans-5.2.11.RELEASE.jar;D:\apache-maven-3.6.1-bin\apache-maven-3.6.1\maven_resp\org\springframework\spring-webmvc\5.2.11.RELEASE\spring-webmvc-5.2.11.RELEASE.jar;D:\apache-maven-3.6.1-bin\apache-maven-3.6.1\maven_resp\org\springframework\spring-aop\5.2.11.RELEASE\spring-aop-5.2.11.RELEASE.jar;D:\apache-maven-3.6.1-bin\apache-maven-3.6.1\maven_resp\org\springframework\spring-expression\5.2.11.RELEASE\spring-expression-5.2.11.RELEASE.jar;D:\apache-maven-3.6.1-bin\apache-maven-3.6.1\maven_resp\org\springframework\boot\spring-boot-starter-activemq\2.3.6.RELEASE\spring-boot-starter-activemq-2.3.6.RELEASE.jar;D:\apache-maven-3.6.1-bin\apache-maven-3.6.1\maven_resp\org\springframework\spring-jms\5.2.11.RELEASE\spring-jms-5.2.11.RELEASE.jar;D:\apache-maven-3.6.1-bin\apache-maven-3.6.1\maven_resp\org\springframework\spring-messaging\5.2.11.RELEASE\spring-messaging-5.2.11.RELEASE.jar;D:\apache-maven-3.6.1-bin\apache-maven-3.6.1\maven_resp\org\springframework\spring-tx\5.2.11.RELEASE\spring-tx-5.2.11.RELEASE.jar;D:\apache-maven-3.6.1-bin\apache-maven-3.6.1\maven_resp\org\apache\activemq\activemq-broker\5.15.13\activemq-broker-5.15.13.jar;D:\apache-maven-3.6.1-bin\apache-maven-3.6.1\maven_resp\org\apache\activemq\activemq-client\5.15.13\activemq-client-5.15.13.jar;D:\apache-maven-3.6.1-bin\apache-maven-3.6.1\maven_resp\org\fusesource\hawtbuf\hawtbuf\1.11\hawtbuf-1.11.jar;D:\apache-maven-3.6.1-bin\apache-maven-3.6.1\maven_resp\org\apache\geronimo\specs\geronimo-j2ee-management_1.1_spec\1.0.1\geronimo-j2ee-management_1.1_spec-1.0.1.jar;D:\apache-maven-3.6.1-bin\apache-maven-3.6.1\maven_resp\org\apache\activemq\activemq-openwire-legacy\5.15.13\activemq-openwire-legacy-5.15.13.jar;D:\apache-maven-3.6.1-bin\apache-maven-3.6.1\maven_resp\com\google\guava\guava\28.2-jre\guava-28.2-jre.jar;D:\apache-maven-3.6.1-bin\apache-maven-3.6.1\maven_resp\com\google\guava\failureaccess\1.0.1\failureaccess-1.0.1.jar;D:\apache-maven-3.6.1-bin\apache-maven-3.6.1\maven_resp\com\google\guava\listenablefuture\9999.0-empty-to-avoid-conflict-with-guava\listenablefuture-9999.0-empty-to-avoid-conflict-with-guava.jar;D:\apache-maven-3.6.1-bin\apache-maven-3.6.1\maven_resp\com\google\code\findbugs\jsr305\3.0.2\jsr305-3.0.2.jar;D:\apache-maven-3.6.1-bin\apache-maven-3.6.1\maven_resp\org\checkerframework\checker-qual\2.10.0\checker-qual-2.10.0.jar;D:\apache-maven-3.6.1-bin\apache-maven-3.6.1\maven_resp\com\google\errorprone\error_prone_annotations\2.3.4\error_prone_annotations-2.3.4.jar;D:\apache-maven-3.6.1-bin\apache-maven-3.6.1\maven_resp\com\google\j2objc\j2objc-annotations\1.3\j2objc-annotations-1.3.jar;D:\apache-maven-3.6.1-bin\apache-maven-3.6.1\maven_resp\jakarta\jms\jakarta.jms-api\2.0.3\jakarta.jms-api-2.0.3.jar;D:\apache-maven-3.6.1-bin\apache-maven-3.6.1\maven_resp\org\springframework\boot\spring-boot-starter-test\2.3.6.RELEASE\spring-boot-starter-test-2.3.6.RELEASE.jar;D:\apache-maven-3.6.1-bin\apache-maven-3.6.1\maven_resp\org\springframework\boot\spring-boot-test\2.3.6.RELEASE\spring-boot-test-2.3.6.RELEASE.jar;D:\apache-maven-3.6.1-bin\apache-maven-3.6.1\maven_resp\org\springframework\boot\spring-boot-test-autoconfigure\2.3.6.RELEASE\spring-boot-test-autoconfigure-2.3.6.RELEASE.jar;D:\apache-maven-3.6.1-bin\apache-maven-3.6.1\maven_resp\com\jayway\jsonpath\json-path\2.4.0\json-path-2.4.0.jar;D:\apache-maven-3.6.1-bin\apache-maven-3.6.1\maven_resp\net\minidev\json-smart\2.3\json-smart-2.3.jar;D:\apache-maven-3.6.1-bin\apache-maven-3.6.1\maven_resp\net\minidev\accessors-smart\1.2\accessors-smart-1.2.jar;D:\apache-maven-3.6.1-bin\apache-maven-3.6.1\maven_resp\org\ow2\asm\asm\5.0.4\asm-5.0.4.jar;D:\apache-maven-3.6.1-bin\apache-maven-3.6.1\maven_resp\org\slf4j\slf4j-api\1.7.30\slf4j-api-1.7.30.jar;D:\apache-maven-3.6.1-bin\apache-maven-3.6.1\maven_resp\jakarta\xml\bind\jakarta.xml.bind-api\2.3.3\jakarta.xml.bind-api-2.3.3.jar;D:\apache-maven-3.6.1-bin\apache-maven-3.6.1\maven_resp\jakarta\activation\jakarta.activation-api\1.2.2\jakarta.activation-api-1.2.2.jar;D:\apache-maven-3.6.1-bin\apache-maven-3.6.1\maven_resp\org\assertj\assertj-core\3.16.1\assertj-core-3.16.1.jar;D:\apache-maven-3.6.1-bin\apache-maven-3.6.1\maven_resp\org\hamcrest\hamcrest\2.2\hamcrest-2.2.jar;D:\apache-maven-3.6.1-bin\apache-maven-3.6.1\maven_resp\org\junit\jupiter\junit-jupiter\5.6.3\junit-jupiter-5.6.3.jar;D:\apache-maven-3.6.1-bin\apache-maven-3.6.1\maven_resp\org\junit\jupiter\junit-jupiter-api\5.6.3\junit-jupiter-api-5.6.3.jar;D:\apache-maven-3.6.1-bin\apache-maven-3.6.1\maven_resp\org\opentest4j\opentest4j\1.2.0\opentest4j-1.2.0.jar;D:\apache-maven-3.6.1-bin\apache-maven-3.6.1\maven_resp\org\junit\platform\junit-platform-commons\1.6.3\junit-platform-commons-1.6.3.jar;D:\apache-maven-3.6.1-bin\apache-maven-3.6.1\maven_resp\org\junit\jupiter\junit-jupiter-params\5.6.3\junit-jupiter-params-5.6.3.jar;D:\apache-maven-3.6.1-bin\apache-maven-3.6.1\maven_resp\org\junit\jupiter\junit-jupiter-engine\5.6.3\junit-jupiter-engine-5.6.3.jar;D:\apache-maven-3.6.1-bin\apache-maven-3.6.1\maven_resp\org\junit\vintage\junit-vintage-engine\5.6.3\junit-vintage-engine-5.6.3.jar;D:\apache-maven-3.6.1-bin\apache-maven-3.6.1\maven_resp\org\apiguardian\apiguardian-api\1.1.0\apiguardian-api-1.1.0.jar;D:\apache-maven-3.6.1-bin\apache-maven-3.6.1\maven_resp\org\junit\platform\junit-platform-engine\1.6.3\junit-platform-engine-1.6.3.jar;D:\apache-maven-3.6.1-bin\apache-maven-3.6.1\maven_resp\junit\junit\4.13.1\junit-4.13.1.jar;D:\apache-maven-3.6.1-bin\apache-maven-3.6.1\maven_resp\org\mockito\mockito-core\3.3.3\mockito-core-3.3.3.jar;D:\apache-maven-3.6.1-bin\apache-maven-3.6.1\maven_resp\net\bytebuddy\byte-buddy\1.10.18\byte-buddy-1.10.18.jar;D:\apache-maven-3.6.1-bin\apache-maven-3.6.1\maven_resp\net\bytebuddy\byte-buddy-agent\1.10.18\byte-buddy-agent-1.10.18.jar;D:\apache-maven-3.6.1-bin\apache-maven-3.6.1\maven_resp\org\objenesis\objenesis\2.6\objenesis-2.6.jar;D:\apache-maven-3.6.1-bin\apache-maven-3.6.1\maven_resp\org\mockito\mockito-junit-jupiter\3.3.3\mockito-junit-jupiter-3.3.3.jar;D:\apache-maven-3.6.1-bin\apache-maven-3.6.1\maven_resp\org\skyscreamer\jsonassert\1.5.0\jsonassert-1.5.0.jar;D:\apache-maven-3.6.1-bin\apache-maven-3.6.1\maven_resp\com\vaadin\external\google\android-json\0.0.20131108.vaadin1\android-json-0.0.20131108.vaadin1.jar;D:\apache-maven-3.6.1-bin\apache-maven-3.6.1\maven_resp\org\springframework\spring-test\5.2.11.RELEASE\spring-test-5.2.11.RELEASE.jar;D:\apache-maven-3.6.1-bin\apache-maven-3.6.1\maven_resp\org\xmlunit\xmlunit-core\2.7.0\xmlunit-core-2.7.0.jar;"/>
    <property name="sun.cpu.endian" value="little"/>
    <property name="user.home" value="C:\Users\resol"/>
    <property name="user.language" value="zh"/>
    <property name="java.specification.vendor" value="Oracle Corporation"/>
    <property name="java.home" value="C:\Program Files\Java\jdk1.8.0_221\jre"/>
    <property name="basedir" value="D:\code_for_woker\boot_activemq\activemq_provider"/>
    <property name="file.separator" value="\"/>
    <property name="line.separator" value="&#10;"/>
    <property name="java.vm.specification.vendor" value="Oracle Corporation"/>
    <property name="java.specification.name" value="Java Platform API Specification"/>
    <property name="java.awt.graphicsenv" value="sun.awt.Win32GraphicsEnvironment"/>
    <property name="surefire.real.class.path" value="C:\Users\resol\AppData\Local\Temp\surefire1248516976183716476\surefirebooter4419055665945699104.jar"/>
    <property name="sun.boot.class.path" value="C:\Program Files\Java\jdk1.8.0_221\jre\lib\resources.jar;C:\Program Files\Java\jdk1.8.0_221\jre\lib\rt.jar;C:\Program Files\Java\jdk1.8.0_221\jre\lib\sunrsasign.jar;C:\Program Files\Java\jdk1.8.0_221\jre\lib\jsse.jar;C:\Program Files\Java\jdk1.8.0_221\jre\lib\jce.jar;C:\Program Files\Java\jdk1.8.0_221\jre\lib\charsets.jar;C:\Program Files\Java\jdk1.8.0_221\jre\lib\jfr.jar;C:\Program Files\Java\jdk1.8.0_221\jre\classes"/>
    <property name="user.script" value=""/>
    <property name="sun.management.compiler" value="HotSpot 64-Bit Tiered Compilers"/>
    <property name="java.runtime.version" value="1.8.0_221-b11"/>
    <property name="user.name" value="resol"/>
    <property name="path.separator" value=";"/>
    <property name="os.version" value="10.0"/>
    <property name="java.endorsed.dirs" value="C:\Program Files\Java\jdk1.8.0_221\jre\lib\endorsed"/>
    <property name="java.runtime.name" value="Java(TM) SE Runtime Environment"/>
    <property name="file.encoding" value="GBK"/>
    <property name="java.vm.name" value="Java HotSpot(TM) 64-Bit Server VM"/>
    <property name="idea.version2020.1" value="true"/>
    <property name="localRepository" value="D:\apache-maven-3.6.1-bin\apache-maven-3.6.1\maven_resp"/>
    <property name="java.vendor.url.bug" value="http://bugreport.sun.com/bugreport/"/>
    <property name="java.io.tmpdir" value="C:\Users\resol\AppData\Local\Temp\"/>
    <property name="java.version" value="1.8.0_221"/>
    <property name="user.dir" value="D:\code_for_woker\boot_activemq\activemq_provider"/>
    <property name="os.arch" value="amd64"/>
    <property name="java.vm.specification.name" value="Java Virtual Machine Specification"/>
    <property name="java.awt.printerjob" value="sun.awt.windows.WPrinterJob"/>
    <property name="sun.os.patch.level" value=""/>
    <property name="java.library.path" value="C:\Program Files\Java\jdk1.8.0_221\jre\bin;C:\WINDOWS\Sun\Java\bin;C:\WINDOWS\system32;C:\WINDOWS;C:\ProgramData\Oracle\Java\javapath;D:\Program Files (x86)\VMware\VMware Workstation\bin\;&quot;C:\Program Files (x86)\Common Files\Oracle\Java\javapath;.;D:\openjdk-13+33_windows-x64_bin\jdk-13\bin;D:\openjdk-13+33_windows-x64_bin\jdk-13\lib;&quot;;C:\Windows\system32;C:\Windows;C:\Windows\System32\Wbem;C:\Windows\System32\WindowsPowerShell\v1.0\;C:\Windows\System32\OpenSSH\;C:\Program Files (x86)\NVIDIA Corporation\PhysX\Common;C:\Program Files\NVIDIA Corporation\NVIDIA NvDLISR;C:\Program Files\dotnet\;C:\WINDOWS\system32;C:\WINDOWS;C:\WINDOWS\System32\Wbem;C:\WINDOWS\System32\WindowsPowerShell\v1.0\;C:\WINDOWS\System32\OpenSSH\;c:\altera\90sp2\quartus\bin;D:\openjdk-13+33_windows-x64_bin\jdk-13\bin;C:\Program Files\Microsoft SQL Server\Client SDK\ODBC\130\Tools\Binn\;C:\Program Files (x86)\Microsoft SQL Server\140\Tools\Binn\;C:\Program Files\Microsoft SQL Server\140\Tools\Binn\;C:\Program Files\Microsoft SQL Server\140\DTS\Binn\;C:\Program Files (x86)\Microsoft SQL Server\Client SDK\ODBC\130\Tools\Binn\;C:\Program Files (x86)\Microsoft SQL Server\140\DTS\Binn\;C:\Program Files (x86)\Microsoft SQL Server\140\Tools\Binn\ManagementStudio\;D:\apache-maven-3.6.1-bin\apache-maven-3.6.1\bin;D:\other软件\;D;\other软件2\;D;\Git\cmd;D:\node.js\node_global\node_modules;D:\node.js;C:\Users\resol\AppData\Local\Android\Sdk\platform-tools;D:\Git\cmd;.;C:\Program Files\Java\jdk1.8.0_221\bin;C:\Program Files\Java\jdk1.8.0_221\jre\bin;D:\node.js\node_global;C:\Users\resol\AppData\Local\Programs\Microsoft VS Code\bin;C:\Users\resol\AppData\Local\GitHubDesktop\bin;C:\Users\resol\AppData\Local\Android\Sdk\platform-tools;."/>
    <property name="java.vm.info" value="mixed mode"/>
    <property name="java.vendor" value="Oracle Corporation"/>
    <property name="java.vm.version" value="25.221-b11"/>
    <property name="java.ext.dirs" value="C:\Program Files\Java\jdk1.8.0_221\jre\lib\ext;C:\WINDOWS\Sun\Java\lib\ext"/>
    <property name="sun.io.unicode.encoding" value="UnicodeLittle"/>
    <property name="java.class.version" value="52.0"/>
  </properties>
  <testcase name="ptpSender" classname="com.hkw.mq.TestApp" time="1.365"/>
</testsuite>